<?xml version="1.0" encoding="UTF-8"?>
<root>
  <node1>text</node1>
  <node2>text2</node2>
</root>