<?xml version="1.0" encoding="UTF-8"?>
<root>

  <node1> <![CDATA[[
 text

          ]]> </node1>


  <node2>t ext2</node2>


</root>
